<?xml version="1.0" encoding="UTF-8"?>
<!-- Generated by org.testng.reporters.JUnitReportReporter -->
<testsuite hostname="LAPTOP-9V97DAIH" failures="0" tests="1" name="com.tt.TestRunner.testNGTestrunner" time="0.007" errors="0" timestamp="28 Jan 2019 16:05:39 GMT" skipped="0">
  <testcase classname="com.tt.TestRunner.testNGTestrunner" name="feature" time="0.007"/>
</testsuite> <!-- com.tt.TestRunner.testNGTestrunner -->
